<?xml version="1.0" encoding="UTF-8"?>
<!-- Generated by org.testng.reporters.JUnitXMLReporter -->
<testsuite ignored="0" hostname="DESKTOP-SR6VTH5" failures="0" tests="6" name="sanity test" time="0.069" errors="0" timestamp="2025-05-05T23:59:33 IST">
  <testcase classname="BatchTesting.LoginTest" name="loginByEmail" time="0.009"/>
  <testcase classname="BatchTesting.LoginTest" name="loginByFacebook" time="0.001"/>
  <testcase classname="BatchTesting.LoginTest" name="loginByTwitter" time="0.001"/>
  <testcase classname="BatchTesting.SignUpTest" name="signUpByEmail" time="0.001"/>
  <testcase classname="BatchTesting.SignUpTest" name="signUpByFacebook" time="0.001"/>
  <testcase classname="BatchTesting.SignUpTest" name="signUpByTwitter" time="0.002"/>
</testsuite> <!-- sanity test -->
