<?xml version="1.0" encoding="UTF-8"?>
<!-- Generated by org.testng.reporters.JUnitXMLReporter -->
<testsuite ignored="0" hostname="DESKTOP-SR6VTH5" failures="0" tests="3" name="functional tests" time="0.011" errors="0" timestamp="2025-05-05T23:59:33 IST">
  <testcase classname="BatchTesting.paymentTest" name="paymentInDollar" time="0.001"/>
  <testcase classname="BatchTesting.paymentTest" name="paymentInRupee" time="0.001"/>
  <testcase classname="BatchTesting.paymentReturns" name="paymentReturnByBank" time="0.001"/>
</testsuite> <!-- functional tests -->
