<?xml version="1.0" encoding="UTF-8"?>
<!-- Generated by org.testng.reporters.JUnitXMLReporter -->
<testsuite ignored="0" hostname="DESKTOP-SR6VTH5" failures="1" tests="2" name="listeners tests" time="0.069" errors="0" timestamp="2025-05-06T23:49:47 IST">
  <testcase classname="TestNewGeneration.LoginTest" name="loginByEmail" time="0.008"/>
  <testcase classname="TestNewGeneration.LoginTest" name="loginByFacebook" time="0.002">
    <failure type="java.lang.AssertionError" message="expected [come] but found [wel]">
      <![CDATA[java.lang.AssertionError: expected [come] but found [wel]
at TestNewGeneration.LoginTest.loginByFacebook(LoginTest.java:23)
at java.base/java.util.ArrayList.forEach(ArrayList.java:1511)
... Removed 33 stack frames]]>
    </failure>
  </testcase> <!-- loginByFacebook -->
</testsuite> <!-- listeners tests -->
